2024-05-19 21:17:54.894  INFO 22688 --- [main] c.a.n.client.env.SearchableProperties    : properties search order:PROPERTIES->JVM->ENV->DEFAULT_SETTING
2024-05-19 21:17:54.968 DEBUG 22688 --- [background-preinit] org.jboss.logging                        : Logging Provider: org.jboss.logging.Log4j2LoggerProvider
2024-05-19 21:17:55.260  INFO 22688 --- [main] c.a.n.p.a.s.c.ClientAuthPluginManager    : [ClientAuthPluginManager] Load ClientAuthService com.alibaba.nacos.client.auth.impl.NacosClientAuthServiceImpl success.
2024-05-19 21:17:55.260  INFO 22688 --- [main] c.a.n.p.a.s.c.ClientAuthPluginManager    : [ClientAuthPluginManager] Load ClientAuthService com.alibaba.nacos.client.auth.ram.RamClientAuthServiceImpl success.
2024-05-19 21:17:57.904  WARN 22688 --- [main] c.a.c.n.c.NacosPropertySourceBuilder     : Ignore the empty nacos configuration and get it based on dataId[perperon-service-gateway] & group[PERPERON_GROUP]
2024-05-19 21:17:57.909  WARN 22688 --- [main] c.a.c.n.c.NacosPropertySourceBuilder     : Ignore the empty nacos configuration and get it based on dataId[perperon-service-gateway.yaml] & group[PERPERON_GROUP]
2024-05-19 21:17:57.913 DEBUG 22688 --- [main] c.a.c.n.c.NacosPropertySourceBuilder     : Loading nacos data, dataId: 'perperon-service-gateway-dev.yaml', group: 'PERPERON_GROUP', data: spring:
  redis:
    host: localhost # Redis服务器地址
    database: 0 # Redis数据库索引（默认为0）
    port: 6379 # Redis服务器连接端口
    password: # Redis服务器连接密码（默认为空）
    timeout: 3000ms # 连接超时时间（毫秒）

logging:
  config: classpath:logback-spring.xml
  level:
    root: info
    com.perperon.mall: debug
2024-05-19 21:17:57.918  INFO 22688 --- [main] b.c.PropertySourceBootstrapConfiguration : Located property source: [BootstrapPropertySource {name='bootstrapProperties-perperon-service-gateway-dev.yaml,PERPERON_GROUP'}, BootstrapPropertySource {name='bootstrapProperties-perperon-service-gateway.yaml,PERPERON_GROUP'}, BootstrapPropertySource {name='bootstrapProperties-perperon-service-gateway,PERPERON_GROUP'}]
2024-05-19 21:17:59.004  INFO 22688 --- [main] c.p.m.PerperonServiceGatewayApplication  : The following 1 profile is active: "dev"
2024-05-19 21:17:59.875  INFO 22688 --- [main] .s.d.r.c.RepositoryConfigurationDelegate : Multiple Spring Data modules found, entering strict repository configuration mode!
2024-05-19 21:17:59.877  INFO 22688 --- [main] .s.d.r.c.RepositoryConfigurationDelegate : Bootstrapping Spring Data Redis repositories in DEFAULT mode.
2024-05-19 21:17:59.897  INFO 22688 --- [main] .s.d.r.c.RepositoryConfigurationDelegate : Finished Spring Data repository scanning in 7 ms. Found 0 Redis repository interfaces.
2024-05-19 21:18:00.057  WARN 22688 --- [main] t.m.s.mapper.ClassPathMapperScanner      : No MyBatis mapper was found in '[com.perperon.mall.mapper]' package. Please check your configuration.
2024-05-19 21:18:00.059  INFO 22688 --- [main] o.s.c.a.ConfigurationClassPostProcessor  : Cannot enhance @Configuration bean definition 'tkMapperConfig' since its singleton instance has been created too early. The typical cause is a non-static @Bean method with a BeanDefinitionRegistryPostProcessor return type: Consider declaring such methods as 'static'.
2024-05-19 21:18:00.127  INFO 22688 --- [main] o.s.cloud.context.scope.GenericScope     : BeanFactory id=e8952156-2174-3444-bd67-1b0f16841d39
2024-05-19 21:18:00.293  INFO 22688 --- [main] trationDelegate$BeanPostProcessorChecker : Bean 'org.springframework.cloud.client.loadbalancer.reactive.LoadBalancerBeanPostProcessorAutoConfiguration' of type [org.springframework.cloud.client.loadbalancer.reactive.LoadBalancerBeanPostProcessorAutoConfiguration] is not eligible for getting processed by all BeanPostProcessors (for example: not eligible for auto-proxying)
2024-05-19 21:18:00.294  INFO 22688 --- [main] trationDelegate$BeanPostProcessorChecker : Bean 'org.springframework.cloud.client.loadbalancer.reactive.LoadBalancerBeanPostProcessorAutoConfiguration$ReactorDeferringLoadBalancerFilterConfig' of type [org.springframework.cloud.client.loadbalancer.reactive.LoadBalancerBeanPostProcessorAutoConfiguration$ReactorDeferringLoadBalancerFilterConfig] is not eligible for getting processed by all BeanPostProcessors (for example: not eligible for auto-proxying)
2024-05-19 21:18:00.296  INFO 22688 --- [main] trationDelegate$BeanPostProcessorChecker : Bean 'reactorDeferringLoadBalancerExchangeFilterFunction' of type [org.springframework.cloud.client.loadbalancer.reactive.DeferringLoadBalancerExchangeFilterFunction] is not eligible for getting processed by all BeanPostProcessors (for example: not eligible for auto-proxying)
2024-05-19 21:18:01.660  INFO 22688 --- [main] o.s.c.g.r.RouteDefinitionRouteLocator    : Loaded RoutePredicateFactory [After]
2024-05-19 21:18:01.660  INFO 22688 --- [main] o.s.c.g.r.RouteDefinitionRouteLocator    : Loaded RoutePredicateFactory [Before]
2024-05-19 21:18:01.660  INFO 22688 --- [main] o.s.c.g.r.RouteDefinitionRouteLocator    : Loaded RoutePredicateFactory [Between]
2024-05-19 21:18:01.661  INFO 22688 --- [main] o.s.c.g.r.RouteDefinitionRouteLocator    : Loaded RoutePredicateFactory [Cookie]
2024-05-19 21:18:01.661  INFO 22688 --- [main] o.s.c.g.r.RouteDefinitionRouteLocator    : Loaded RoutePredicateFactory [Header]
2024-05-19 21:18:01.661  INFO 22688 --- [main] o.s.c.g.r.RouteDefinitionRouteLocator    : Loaded RoutePredicateFactory [Host]
2024-05-19 21:18:01.661  INFO 22688 --- [main] o.s.c.g.r.RouteDefinitionRouteLocator    : Loaded RoutePredicateFactory [Method]
2024-05-19 21:18:01.661  INFO 22688 --- [main] o.s.c.g.r.RouteDefinitionRouteLocator    : Loaded RoutePredicateFactory [Path]
2024-05-19 21:18:01.661  INFO 22688 --- [main] o.s.c.g.r.RouteDefinitionRouteLocator    : Loaded RoutePredicateFactory [Query]
2024-05-19 21:18:01.661  INFO 22688 --- [main] o.s.c.g.r.RouteDefinitionRouteLocator    : Loaded RoutePredicateFactory [ReadBody]
2024-05-19 21:18:01.661  INFO 22688 --- [main] o.s.c.g.r.RouteDefinitionRouteLocator    : Loaded RoutePredicateFactory [RemoteAddr]
2024-05-19 21:18:01.661  INFO 22688 --- [main] o.s.c.g.r.RouteDefinitionRouteLocator    : Loaded RoutePredicateFactory [XForwardedRemoteAddr]
2024-05-19 21:18:01.661  INFO 22688 --- [main] o.s.c.g.r.RouteDefinitionRouteLocator    : Loaded RoutePredicateFactory [Weight]
2024-05-19 21:18:01.661  INFO 22688 --- [main] o.s.c.g.r.RouteDefinitionRouteLocator    : Loaded RoutePredicateFactory [CloudFoundryRouteService]
2024-05-19 21:18:02.317  INFO 22688 --- [main] o.s.b.a.e.web.EndpointLinksResolver      : Exposing 19 endpoint(s) beneath base path '/actuator'
2024-05-19 21:18:02.844  INFO 22688 --- [main] ctiveUserDetailsServiceAutoConfiguration : 

Using generated security password: 3859ee43-9745-434a-b1d6-b61b09762681

2024-05-19 21:18:02.911  WARN 22688 --- [main] iguration$LoadBalancerCaffeineWarnLogger : Spring Cloud LoadBalancer is currently working with the default cache. While this cache implementation is useful for development and tests, it's recommended to use Caffeine cache in production.You can switch to using Caffeine cache, by adding it and org.springframework.cache.caffeine.CaffeineCacheManager to the classpath.
2024-05-19 21:18:03.099  INFO 22688 --- [main] o.s.b.web.embedded.netty.NettyWebServer  : Netty started on port 8081
2024-05-19 21:18:03.243  INFO 22688 --- [main] c.a.n.p.a.s.c.ClientAuthPluginManager    : [ClientAuthPluginManager] Load ClientAuthService com.alibaba.nacos.client.auth.impl.NacosClientAuthServiceImpl success.
2024-05-19 21:18:03.243  INFO 22688 --- [main] c.a.n.p.a.s.c.ClientAuthPluginManager    : [ClientAuthPluginManager] Load ClientAuthService com.alibaba.nacos.client.auth.ram.RamClientAuthServiceImpl success.
2024-05-19 21:18:03.369  INFO 22688 --- [main] c.a.c.n.registry.NacosServiceRegistry    : nacos registry, DEFAULT_GROUP perperon-service-gateway 192.168.232.1:8081 register finished
2024-05-19 21:18:04.205  INFO 22688 --- [main] a.c.n.d.GatewayLocatorHeartBeatPublisher : Start nacos gateway locator heartBeat task scheduler.
2024-05-19 21:18:04.224  INFO 22688 --- [main] c.p.m.PerperonServiceGatewayApplication  : Started PerperonServiceGatewayApplication in 10.146 seconds (JVM running for 10.845)
2024-05-19 21:18:04.231  INFO 22688 --- [main] c.a.c.n.refresh.NacosContextRefresher    : [Nacos Config] Listening config: dataId=perperon-service-gateway, group=PERPERON_GROUP
2024-05-19 21:18:04.232  INFO 22688 --- [main] c.a.c.n.refresh.NacosContextRefresher    : [Nacos Config] Listening config: dataId=perperon-service-gateway-dev.yaml, group=PERPERON_GROUP
2024-05-19 21:18:04.233  INFO 22688 --- [main] c.a.c.n.refresh.NacosContextRefresher    : [Nacos Config] Listening config: dataId=perperon-service-gateway.yaml, group=PERPERON_GROUP
2024-05-19 21:54:15.361  WARN 22688 --- [Thread-21] c.a.nacos.common.notify.NotifyCenter     : [NotifyCenter] Start destroying Publisher
2024-05-19 21:54:15.361  WARN 22688 --- [Thread-7] c.a.n.common.http.HttpClientBeanHolder   : [HttpClientBeanHolder] Start destroying common HttpClient
2024-05-19 21:54:15.362  WARN 22688 --- [Thread-21] c.a.nacos.common.notify.NotifyCenter     : [NotifyCenter] Destruction of the end
2024-05-19 21:54:15.363  WARN 22688 --- [Thread-7] c.a.n.common.http.HttpClientBeanHolder   : [HttpClientBeanHolder] Destruction of the end
2024-05-19 21:54:15.368  INFO 22688 --- [SpringApplicationShutdownHook] c.a.c.n.registry.NacosServiceRegistry    : De-registering from Nacos Server now...
2024-05-19 21:54:15.371  INFO 22688 --- [SpringApplicationShutdownHook] c.a.c.n.registry.NacosServiceRegistry    : De-registration finished.
2024-05-19 21:54:21.007  INFO 13440 --- [main] c.a.n.client.env.SearchableProperties    : properties search order:PROPERTIES->JVM->ENV->DEFAULT_SETTING
2024-05-19 21:54:21.081 DEBUG 13440 --- [background-preinit] org.jboss.logging                        : Logging Provider: org.jboss.logging.Log4j2LoggerProvider
2024-05-19 21:54:21.359  INFO 13440 --- [main] c.a.n.p.a.s.c.ClientAuthPluginManager    : [ClientAuthPluginManager] Load ClientAuthService com.alibaba.nacos.client.auth.impl.NacosClientAuthServiceImpl success.
2024-05-19 21:54:21.359  INFO 13440 --- [main] c.a.n.p.a.s.c.ClientAuthPluginManager    : [ClientAuthPluginManager] Load ClientAuthService com.alibaba.nacos.client.auth.ram.RamClientAuthServiceImpl success.
2024-05-19 21:54:24.039  WARN 13440 --- [main] c.a.c.n.c.NacosPropertySourceBuilder     : Ignore the empty nacos configuration and get it based on dataId[perperon-service-gateway] & group[PERPERON_GROUP]
2024-05-19 21:54:24.043  WARN 13440 --- [main] c.a.c.n.c.NacosPropertySourceBuilder     : Ignore the empty nacos configuration and get it based on dataId[perperon-service-gateway.yaml] & group[PERPERON_GROUP]
2024-05-19 21:54:24.048 DEBUG 13440 --- [main] c.a.c.n.c.NacosPropertySourceBuilder     : Loading nacos data, dataId: 'perperon-service-gateway-dev.yaml', group: 'PERPERON_GROUP', data: spring:
  redis:
    host: localhost # Redis服务器地址
    database: 0 # Redis数据库索引（默认为0）
    port: 6379 # Redis服务器连接端口
    password: # Redis服务器连接密码（默认为空）
    timeout: 3000ms # 连接超时时间（毫秒）

logging:
  config: classpath:logback-spring.xml
  level:
    root: info
    com.perperon.mall: debug
2024-05-19 21:54:24.052  INFO 13440 --- [main] b.c.PropertySourceBootstrapConfiguration : Located property source: [BootstrapPropertySource {name='bootstrapProperties-perperon-service-gateway-dev.yaml,PERPERON_GROUP'}, BootstrapPropertySource {name='bootstrapProperties-perperon-service-gateway.yaml,PERPERON_GROUP'}, BootstrapPropertySource {name='bootstrapProperties-perperon-service-gateway,PERPERON_GROUP'}]
2024-05-19 21:54:25.106  INFO 13440 --- [main] c.p.m.PerperonServiceGatewayApplication  : The following 1 profile is active: "dev"
2024-05-19 21:54:26.177  INFO 13440 --- [main] .s.d.r.c.RepositoryConfigurationDelegate : Multiple Spring Data modules found, entering strict repository configuration mode!
2024-05-19 21:54:26.180  INFO 13440 --- [main] .s.d.r.c.RepositoryConfigurationDelegate : Bootstrapping Spring Data Redis repositories in DEFAULT mode.
2024-05-19 21:54:26.202  INFO 13440 --- [main] .s.d.r.c.RepositoryConfigurationDelegate : Finished Spring Data repository scanning in 8 ms. Found 0 Redis repository interfaces.
2024-05-19 21:54:26.424  WARN 13440 --- [main] t.m.s.mapper.ClassPathMapperScanner      : No MyBatis mapper was found in '[com.perperon.mall.mapper]' package. Please check your configuration.
2024-05-19 21:54:26.426  INFO 13440 --- [main] o.s.c.a.ConfigurationClassPostProcessor  : Cannot enhance @Configuration bean definition 'tkMapperConfig' since its singleton instance has been created too early. The typical cause is a non-static @Bean method with a BeanDefinitionRegistryPostProcessor return type: Consider declaring such methods as 'static'.
2024-05-19 21:54:26.506  INFO 13440 --- [main] o.s.cloud.context.scope.GenericScope     : BeanFactory id=e8952156-2174-3444-bd67-1b0f16841d39
2024-05-19 21:54:26.693  INFO 13440 --- [main] trationDelegate$BeanPostProcessorChecker : Bean 'org.springframework.cloud.client.loadbalancer.reactive.LoadBalancerBeanPostProcessorAutoConfiguration' of type [org.springframework.cloud.client.loadbalancer.reactive.LoadBalancerBeanPostProcessorAutoConfiguration] is not eligible for getting processed by all BeanPostProcessors (for example: not eligible for auto-proxying)
2024-05-19 21:54:26.695  INFO 13440 --- [main] trationDelegate$BeanPostProcessorChecker : Bean 'org.springframework.cloud.client.loadbalancer.reactive.LoadBalancerBeanPostProcessorAutoConfiguration$ReactorDeferringLoadBalancerFilterConfig' of type [org.springframework.cloud.client.loadbalancer.reactive.LoadBalancerBeanPostProcessorAutoConfiguration$ReactorDeferringLoadBalancerFilterConfig] is not eligible for getting processed by all BeanPostProcessors (for example: not eligible for auto-proxying)
2024-05-19 21:54:26.696  INFO 13440 --- [main] trationDelegate$BeanPostProcessorChecker : Bean 'reactorDeferringLoadBalancerExchangeFilterFunction' of type [org.springframework.cloud.client.loadbalancer.reactive.DeferringLoadBalancerExchangeFilterFunction] is not eligible for getting processed by all BeanPostProcessors (for example: not eligible for auto-proxying)
2024-05-19 21:54:28.263  INFO 13440 --- [main] o.s.c.g.r.RouteDefinitionRouteLocator    : Loaded RoutePredicateFactory [After]
2024-05-19 21:54:28.263  INFO 13440 --- [main] o.s.c.g.r.RouteDefinitionRouteLocator    : Loaded RoutePredicateFactory [Before]
2024-05-19 21:54:28.263  INFO 13440 --- [main] o.s.c.g.r.RouteDefinitionRouteLocator    : Loaded RoutePredicateFactory [Between]
2024-05-19 21:54:28.263  INFO 13440 --- [main] o.s.c.g.r.RouteDefinitionRouteLocator    : Loaded RoutePredicateFactory [Cookie]
2024-05-19 21:54:28.263  INFO 13440 --- [main] o.s.c.g.r.RouteDefinitionRouteLocator    : Loaded RoutePredicateFactory [Header]
2024-05-19 21:54:28.263  INFO 13440 --- [main] o.s.c.g.r.RouteDefinitionRouteLocator    : Loaded RoutePredicateFactory [Host]
2024-05-19 21:54:28.263  INFO 13440 --- [main] o.s.c.g.r.RouteDefinitionRouteLocator    : Loaded RoutePredicateFactory [Method]
2024-05-19 21:54:28.263  INFO 13440 --- [main] o.s.c.g.r.RouteDefinitionRouteLocator    : Loaded RoutePredicateFactory [Path]
2024-05-19 21:54:28.263  INFO 13440 --- [main] o.s.c.g.r.RouteDefinitionRouteLocator    : Loaded RoutePredicateFactory [Query]
2024-05-19 21:54:28.263  INFO 13440 --- [main] o.s.c.g.r.RouteDefinitionRouteLocator    : Loaded RoutePredicateFactory [ReadBody]
2024-05-19 21:54:28.263  INFO 13440 --- [main] o.s.c.g.r.RouteDefinitionRouteLocator    : Loaded RoutePredicateFactory [RemoteAddr]
2024-05-19 21:54:28.263  INFO 13440 --- [main] o.s.c.g.r.RouteDefinitionRouteLocator    : Loaded RoutePredicateFactory [XForwardedRemoteAddr]
2024-05-19 21:54:28.264  INFO 13440 --- [main] o.s.c.g.r.RouteDefinitionRouteLocator    : Loaded RoutePredicateFactory [Weight]
2024-05-19 21:54:28.264  INFO 13440 --- [main] o.s.c.g.r.RouteDefinitionRouteLocator    : Loaded RoutePredicateFactory [CloudFoundryRouteService]
2024-05-19 21:54:28.913  INFO 13440 --- [main] o.s.b.a.e.web.EndpointLinksResolver      : Exposing 19 endpoint(s) beneath base path '/actuator'
2024-05-19 21:54:29.576  INFO 13440 --- [main] ctiveUserDetailsServiceAutoConfiguration : 

Using generated security password: be23e200-934b-4143-ad20-7210a1732390

2024-05-19 21:54:29.685  WARN 13440 --- [main] iguration$LoadBalancerCaffeineWarnLogger : Spring Cloud LoadBalancer is currently working with the default cache. While this cache implementation is useful for development and tests, it's recommended to use Caffeine cache in production.You can switch to using Caffeine cache, by adding it and org.springframework.cache.caffeine.CaffeineCacheManager to the classpath.
2024-05-19 21:54:29.988  INFO 13440 --- [main] o.s.b.web.embedded.netty.NettyWebServer  : Netty started on port 8081
2024-05-19 21:54:30.274  INFO 13440 --- [main] c.a.n.p.a.s.c.ClientAuthPluginManager    : [ClientAuthPluginManager] Load ClientAuthService com.alibaba.nacos.client.auth.impl.NacosClientAuthServiceImpl success.
2024-05-19 21:54:30.275  INFO 13440 --- [main] c.a.n.p.a.s.c.ClientAuthPluginManager    : [ClientAuthPluginManager] Load ClientAuthService com.alibaba.nacos.client.auth.ram.RamClientAuthServiceImpl success.
2024-05-19 21:54:30.421  INFO 13440 --- [main] c.a.c.n.registry.NacosServiceRegistry    : nacos registry, DEFAULT_GROUP perperon-service-gateway 192.168.232.1:8081 register finished
2024-05-19 21:54:31.526  INFO 13440 --- [main] a.c.n.d.GatewayLocatorHeartBeatPublisher : Start nacos gateway locator heartBeat task scheduler.
2024-05-19 21:54:31.552  INFO 13440 --- [main] c.p.m.PerperonServiceGatewayApplication  : Started PerperonServiceGatewayApplication in 11.322 seconds (JVM running for 12.078)
2024-05-19 21:54:31.562  INFO 13440 --- [main] c.a.c.n.refresh.NacosContextRefresher    : [Nacos Config] Listening config: dataId=perperon-service-gateway, group=PERPERON_GROUP
2024-05-19 21:54:31.563  INFO 13440 --- [main] c.a.c.n.refresh.NacosContextRefresher    : [Nacos Config] Listening config: dataId=perperon-service-gateway-dev.yaml, group=PERPERON_GROUP
2024-05-19 21:54:31.564  INFO 13440 --- [main] c.a.c.n.refresh.NacosContextRefresher    : [Nacos Config] Listening config: dataId=perperon-service-gateway.yaml, group=PERPERON_GROUP
2024-05-19 22:11:24.344  WARN 13440 --- [Thread-21] c.a.nacos.common.notify.NotifyCenter     : [NotifyCenter] Start destroying Publisher
2024-05-19 22:11:24.344  WARN 13440 --- [Thread-7] c.a.n.common.http.HttpClientBeanHolder   : [HttpClientBeanHolder] Start destroying common HttpClient
2024-05-19 22:11:24.345  WARN 13440 --- [Thread-21] c.a.nacos.common.notify.NotifyCenter     : [NotifyCenter] Destruction of the end
2024-05-19 22:11:24.346  WARN 13440 --- [Thread-7] c.a.n.common.http.HttpClientBeanHolder   : [HttpClientBeanHolder] Destruction of the end
2024-05-19 22:11:24.351  INFO 13440 --- [SpringApplicationShutdownHook] c.a.c.n.registry.NacosServiceRegistry    : De-registering from Nacos Server now...
2024-05-19 22:11:24.355  INFO 13440 --- [SpringApplicationShutdownHook] c.a.c.n.registry.NacosServiceRegistry    : De-registration finished.
